<?xml version="1.0" encoding="UTF-8"?>
<!-- Generated by org.testng.reporters.JUnitXMLReporter -->
<testsuite hostname="APINDLHCSX89H2" ignored="0" name="Sprint1(failed)" tests="1" failures="1" timestamp="22 Mar 2019 10:35:10 GMT" time="0.021" errors="0">
  <testcase name="runfacebook" time="0.006" classname="ListofTestCases.TestCase3">
    <failure type="java.lang.AssertionError" message="expected [true] but found [false]">
      <![CDATA[java.lang.AssertionError: expected [true] but found [false]
at ListofTestCases.TestCase3.runfacebook(TestCase3.java:10)
at TestRunnerofFailedTestCases.testrunnerforfailedtests.main(testrunnerforfailedtests.java:15)
... Removed 26 stack frames]]>
    </failure>
  </testcase> <!-- runfacebook -->
</testsuite> <!-- Sprint1(failed) -->
